<?xml version="1.0" encoding="UTF-8"?>
<!-- Generated by org.testng.reporters.JUnitReportReporter -->
<testsuite hostname="DESKTOP-5602UDL" failures="0" tests="2" name="variousConcepts.AddContactNG" time="27.992" errors="0" timestamp="2021-08-27T15:02:29 CDT" skipped="0">
  <testcase classname="variousConcepts.AddContactNG" name="loginTest" time="10.696"/>
  <system-out/>
  <testcase classname="variousConcepts.AddContactNG" name="AddCustomerTest" time="17.296"/>
  <system-out/>
</testsuite> <!-- variousConcepts.AddContactNG -->
