<?xml version="1.0" encoding="UTF-8"?>
<!-- Generated by org.testng.reporters.JUnitReportReporter -->
<testsuite hostname="DESKTOP-5602UDL" failures="0" tests="2" name="variousConcepts.AddCustomerTestNG" time="24.518" errors="0" timestamp="2021-08-29T14:25:16 CDT" skipped="0">
  <testcase classname="variousConcepts.AddCustomerTestNG" name="loginTest" time="8.826"/>
  <system-out/>
  <testcase classname="variousConcepts.AddCustomerTestNG" name="AddCustomerTest" time="15.692"/>
  <system-out/>
</testsuite> <!-- variousConcepts.AddCustomerTestNG -->
